<?xml version="1.0" encoding="UTF-8"?>
<!-- Generated by org.testng.reporters.JUnitReportReporter -->
<testsuite hostname="Vipin99Lappi" failures="0" tests="5" name="Tests.top_Level_menu_test_Tendable" time="166.457" errors="0" timestamp="2024-02-25T17:22:06 IST" skipped="0">
  <testcase classname="Tests.top_Level_menu_test_Tendable" name="Home_menu_test" time="26.011"/>
  <testcase classname="Tests.top_Level_menu_test_Tendable" name="Home_Our_Story_test" time="53.823"/>
  <testcase classname="Tests.top_Level_menu_test_Tendable" name="Home_Our_solution_test" time="45.598"/>
  <testcase classname="Tests.top_Level_menu_test_Tendable" name="Home_Why_Tendable_test" time="19.720"/>
  <testcase classname="Tests.top_Level_menu_test_Tendable" name="test_contact_us" time="21.305"/>
</testsuite> <!-- Tests.top_Level_menu_test_Tendable -->
